<?xml version="1.0" encoding="UTF-8"?>
<!-- Generated by org.testng.reporters.JUnitReportReporter -->
<testsuite hostname="Shrutikas-MacBook-Air.local" failures="0" tests="1" name="Learning.ExtentReport1.ExtentReportDemo" time="14.587" errors="0" timestamp="2023-01-02T23:51:15 EST" skipped="0">
  <testcase classname="Learning.ExtentReport1.ExtentReportDemo" name="initialDemo" time="14.587"/>
  <system-out/>
</testsuite> <!-- Learning.ExtentReport1.ExtentReportDemo -->
